This is pdfTeX, Version 3.14159265-2.6-1.40.16 (TeX Live 2015/Debian) (preloaded format=pdflatex 2018.1.19)  12 APR 2018 20:18
entering extended mode
 restricted \write18 enabled.
 %&-line parsing enabled.
**glider.tex
(./glider.tex
LaTeX2e <2016/02/01>
Babel <3.9q> and hyphenation patterns for 81 language(s) loaded.
(/usr/share/texlive/texmf-dist/tex/latex/base/article.cls
Document Class: article 2014/09/29 v1.4h Standard LaTeX document class
(/usr/share/texlive/texmf-dist/tex/latex/base/size10.clo
File: size10.clo 2014/09/29 v1.4h Standard LaTeX file (size option)
)
\c@part=\count79
\c@section=\count80
\c@subsection=\count81
\c@subsubsection=\count82
\c@paragraph=\count83
\c@subparagraph=\count84
\c@figure=\count85
\c@table=\count86
\abovecaptionskip=\skip41
\belowcaptionskip=\skip42
\bibindent=\dimen102
)
(/usr/share/texlive/texmf-dist/tex/latex/graphics/graphicx.sty
Package: graphicx 2014/10/28 v1.0g Enhanced LaTeX Graphics (DPC,SPQR)

(/usr/share/texlive/texmf-dist/tex/latex/graphics/keyval.sty
Package: keyval 2014/10/28 v1.15 key=value parser (DPC)
\KV@toks@=\toks14
)
(/usr/share/texlive/texmf-dist/tex/latex/graphics/graphics.sty
Package: graphics 2016/01/03 v1.0q Standard LaTeX Graphics (DPC,SPQR)

(/usr/share/texlive/texmf-dist/tex/latex/graphics/trig.sty
Package: trig 2016/01/03 v1.10 sin cos tan (DPC)
)
(/usr/share/texlive/texmf-dist/tex/latex/latexconfig/graphics.cfg
File: graphics.cfg 2010/04/23 v1.9 graphics configuration of TeX Live
)
Package graphics Info: Driver file: pdftex.def on input line 95.

(/usr/share/texlive/texmf-dist/tex/latex/pdftex-def/pdftex.def
File: pdftex.def 2011/05/27 v0.06d Graphics/color for pdfTeX

(/usr/share/texlive/texmf-dist/tex/generic/oberdiek/infwarerr.sty
Package: infwarerr 2010/04/08 v1.3 Providing info/warning/error messages (HO)
)
(/usr/share/texlive/texmf-dist/tex/generic/oberdiek/ltxcmds.sty
Package: ltxcmds 2011/11/09 v1.22 LaTeX kernel commands for general use (HO)
)
\Gread@gobject=\count87
))
\Gin@req@height=\dimen103
\Gin@req@width=\dimen104
)
(/usr/share/texlive/texmf-dist/tex/latex/was/gensymb.sty
Package: gensymb 2003/07/02 v1.0 (WaS)
) (./glider.aux)
\openout1 = `glider.aux'.

LaTeX Font Info:    Checking defaults for OML/cmm/m/it on input line 10.
LaTeX Font Info:    ... okay on input line 10.
LaTeX Font Info:    Checking defaults for T1/cmr/m/n on input line 10.
LaTeX Font Info:    ... okay on input line 10.
LaTeX Font Info:    Checking defaults for OT1/cmr/m/n on input line 10.
LaTeX Font Info:    ... okay on input line 10.
LaTeX Font Info:    Checking defaults for OMS/cmsy/m/n on input line 10.
LaTeX Font Info:    ... okay on input line 10.
LaTeX Font Info:    Checking defaults for OMX/cmex/m/n on input line 10.
LaTeX Font Info:    ... okay on input line 10.
LaTeX Font Info:    Checking defaults for U/cmr/m/n on input line 10.
LaTeX Font Info:    ... okay on input line 10.

(/usr/share/texlive/texmf-dist/tex/context/base/supp-pdf.mkii
[Loading MPS to PDF converter (version 2006.09.02).]
\scratchcounter=\count88
\scratchdimen=\dimen105
\scratchbox=\box26
\nofMPsegments=\count89
\nofMParguments=\count90
\everyMPshowfont=\toks15
\MPscratchCnt=\count91
\MPscratchDim=\dimen106
\MPnumerator=\count92
\makeMPintoPDFobject=\count93
\everyMPtoPDFconversion=\toks16
) (/usr/share/texlive/texmf-dist/tex/generic/oberdiek/pdftexcmds.sty
Package: pdftexcmds 2011/11/29 v0.20 Utility functions of pdfTeX for LuaTeX (HO
)

(/usr/share/texlive/texmf-dist/tex/generic/oberdiek/ifluatex.sty
Package: ifluatex 2010/03/01 v1.3 Provides the ifluatex switch (HO)
Package ifluatex Info: LuaTeX not detected.
)
(/usr/share/texlive/texmf-dist/tex/generic/oberdiek/ifpdf.sty
Package: ifpdf 2011/01/30 v2.3 Provides the ifpdf switch (HO)
Package ifpdf Info: pdfTeX in PDF mode is detected.
)
Package pdftexcmds Info: LuaTeX not detected.
Package pdftexcmds Info: \pdf@primitive is available.
Package pdftexcmds Info: \pdf@ifprimitive is available.
Package pdftexcmds Info: \pdfdraftmode found.
)
(/usr/share/texlive/texmf-dist/tex/latex/oberdiek/epstopdf-base.sty
Package: epstopdf-base 2010/02/09 v2.5 Base part for package epstopdf

(/usr/share/texlive/texmf-dist/tex/latex/oberdiek/grfext.sty
Package: grfext 2010/08/19 v1.1 Manage graphics extensions (HO)

(/usr/share/texlive/texmf-dist/tex/generic/oberdiek/kvdefinekeys.sty
Package: kvdefinekeys 2011/04/07 v1.3 Define keys (HO)
))
(/usr/share/texlive/texmf-dist/tex/latex/oberdiek/kvoptions.sty
Package: kvoptions 2011/06/30 v3.11 Key value format for package options (HO)

(/usr/share/texlive/texmf-dist/tex/generic/oberdiek/kvsetkeys.sty
Package: kvsetkeys 2012/04/25 v1.16 Key value parser (HO)

(/usr/share/texlive/texmf-dist/tex/generic/oberdiek/etexcmds.sty
Package: etexcmds 2011/02/16 v1.5 Avoid name clashes with e-TeX commands (HO)
Package etexcmds Info: Could not find \expanded.
(etexcmds)             That can mean that you are not using pdfTeX 1.50 or
(etexcmds)             that some package has redefined \expanded.
(etexcmds)             In the latter case, load this package earlier.
)))
Package grfext Info: Graphics extension search list:
(grfext)             [.png,.pdf,.jpg,.mps,.jpeg,.jbig2,.jb2,.PNG,.PDF,.JPG,.JPE
G,.JBIG2,.JB2,.eps]
(grfext)             \AppendGraphicsExtensions on input line 452.

(/usr/share/texlive/texmf-dist/tex/latex/latexconfig/epstopdf-sys.cfg
File: epstopdf-sys.cfg 2010/07/13 v1.3 Configuration of (r)epstopdf for TeX Liv
e
))
LaTeX Info: Redefining \celsius on input line 10.
Package gensymb Info: Faking symbols for \degree and \celsius on input line 10.



Package gensymb Warning: Not defining \perthousand.

LaTeX Info: Redefining \ohm on input line 10.
Package gensymb Info: Using \Omega for \ohm on input line 10.

Package gensymb Warning: Not defining \micro.

LaTeX Font Info:    External font `cmex10' loaded for size
(Font)              <12> on input line 11.
LaTeX Font Info:    External font `cmex10' loaded for size
(Font)              <8> on input line 11.
LaTeX Font Info:    External font `cmex10' loaded for size
(Font)              <6> on input line 11.
LaTeX Font Info:    External font `cmex10' loaded for size
(Font)              <7> on input line 14.
LaTeX Font Info:    External font `cmex10' loaded for size
(Font)              <5> on input line 14.

Overfull \hbox (121.49715pt too wide) in paragraph at lines 14--33
[] 
 []

Missing character: There is no ‚ in font cmr10!
Missing character: There is no Ä in font cmr10!
Missing character: There is no ù in font cmr10!
Missing character: There is no ¬ in font cmr10!
Missing character: There is no Ω in font cmr10!
[1

{/var/lib/texmf/fonts/map/pdftex/updmap/pdftex.map}]
<glider_drawing.png, id=15, 794.97pt x 614.295pt>
File: glider_drawing.png Graphic file (type png)
 <use glider_drawing.png>
Package pdftex.def Info: glider_drawing.png used on input line 42.
(pdftex.def)             Requested size: 345.0pt x 266.59752pt.

Overfull \hbox (15.0pt too wide) in paragraph at lines 42--43
[][] 
 []

<glider.jpg, id=17, 4047.12pt x 3035.34pt>
File: glider.jpg Graphic file (type jpg)
 <use glider.jpg>
Package pdftex.def Info: glider.jpg used on input line 44.
(pdftex.def)             Requested size: 345.0pt x 258.71838pt.

Overfull \hbox (15.0pt too wide) in paragraph at lines 44--45
[][] 
 []

[2 <./glider_drawing.png>] [3 <./glider.jpg>] [4]
LaTeX Font Info:    Try loading font information for OMS+cmr on input line 122.


(/usr/share/texlive/texmf-dist/tex/latex/base/omscmr.fd
File: omscmr.fd 2014/09/29 v2.5h Standard LaTeX font definitions
)
LaTeX Font Info:    Font shape `OMS/cmr/m/n' in size <10> not available
(Font)              Font shape `OMS/cmsy/m/n' tried instead on input line 122.

Overfull \hbox (0.74712pt too wide) in paragraph at lines 131--132
[][]\OT1/cmtt/m/n/10 ocw.mit.edu/courses/aeronautics-and-astronautics/16-01-uni
fied- 
 []


Overfull \hbox (37.4968pt too wide) in paragraph at lines 133--135
[][]\OT1/cmtt/m/n/10 engineering-i-ii-iii-iv-fall-2005-spring-2006/systems-labs
-06/spl8.pdf
 []

[5] [6]
Missing character: There is no ‚ in font cmr10!
Missing character: There is no Ä in font cmr10!
Missing character: There is no ô in font cmr10!
 <glider_trajectory-0.png, id=39, 614.295pt x 794.97pt>
File: glider_trajectory-0.png Graphic file (type png)

<use glider_trajectory-0.png>
Package pdftex.def Info: glider_trajectory-0.png used on input line 169.
(pdftex.def)             Requested size: 172.5pt x 223.23299pt.

<glider_trajectory-5.png, id=40, 614.295pt x 794.97pt>
File: glider_trajectory-5.png Graphic file (type png)

<use glider_trajectory-5.png>
Package pdftex.def Info: glider_trajectory-5.png used on input line 172.
(pdftex.def)             Requested size: 172.5pt x 223.23299pt.

<glider_trajectory-1.png, id=41, 614.295pt x 794.97pt>
File: glider_trajectory-1.png Graphic file (type png)

<use glider_trajectory-1.png>
Package pdftex.def Info: glider_trajectory-1.png used on input line 175.
(pdftex.def)             Requested size: 172.5pt x 223.23299pt.

<glider_trajectory-6.png, id=42, 614.295pt x 794.97pt>
File: glider_trajectory-6.png Graphic file (type png)

<use glider_trajectory-6.png>
Package pdftex.def Info: glider_trajectory-6.png used on input line 178.
(pdftex.def)             Requested size: 172.5pt x 223.23299pt.

Overfull \hbox (2.22221pt too wide) in paragraph at lines 168--180
$[]$ $[]$
 []


Overfull \hbox (2.22221pt too wide) in paragraph at lines 168--180
[]$ $[]$ 
 []

[7] <glider_weight_calculation-0.png, id=47, 614.295pt x 794.97pt>
File: glider_weight_calculation-0.png Graphic file (type png)

<use glider_weight_calculation-0.png>
Package pdftex.def Info: glider_weight_calculation-0.png used on input line 181
.
(pdftex.def)             Requested size: 345.0pt x 446.4781pt.

<glider_weight_calculation-1.png, id=48, 614.295pt x 794.97pt>
File: glider_weight_calculation-1.png Graphic file (type png)

<use glider_weight_calculation-1.png>
Package pdftex.def Info: glider_weight_calculation-1.png used on input line 182
.
(pdftex.def)             Requested size: 345.0pt x 446.4781pt.

<glider_weight_calculation-2.png, id=49, 614.295pt x 794.97pt>
File: glider_weight_calculation-2.png Graphic file (type png)

<use glider_weight_calculation-2.png>
Package pdftex.def Info: glider_weight_calculation-2.png used on input line 183
.
(pdftex.def)             Requested size: 345.0pt x 446.4781pt.
 [8 <./glider_trajectory-0.png> <./glider_trajectory-5.png> <./glider_trajector
y-1.png> <./glider_trajectory-6.png>]
Overfull \vbox (363.74783pt too high) has occurred while \output is active []


[9 <./glider_weight_calculation-0.png> <./glider_weight_calculation-1.png>]
Overfull \hbox (10.74715pt too wide) in paragraph at lines 189--190
[][]\OT1/cmtt/m/n/10 ocw.mit.edu/courses/aeronautics-and-astronautics/16-01-uni
fied- 
 []


Overfull \hbox (47.49683pt too wide) in paragraph at lines 191--192
[][]\OT1/cmtt/m/n/10 engineering-i-ii-iii-iv-fall-2005-spring-2006/systems-labs
-06/spl8.pdf 
 []

[10 <./glider_weight_calculation-2.png>] (./glider.aux) ) 
Here is how much of TeX's memory you used:
 1600 strings out of 493029
 23343 string characters out of 6136234
 83829 words of memory out of 5000000
 5129 multiletter control sequences out of 15000+600000
 8102 words of font info for 29 fonts, out of 8000000 for 9000
 1141 hyphenation exceptions out of 8191
 38i,8n,23p,1096b,190s stack positions out of 5000i,500n,10000p,200000b,80000s
</usr/share/texlive/te
xmf-dist/fonts/type1/public/amsfonts/cm/cmbx12.pfb></usr/share/texlive/texmf-di
st/fonts/type1/public/amsfonts/cm/cmex10.pfb></usr/share/texlive/texmf-dist/fon
ts/type1/public/amsfonts/cm/cmmi10.pfb></usr/share/texlive/texmf-dist/fonts/typ
e1/public/amsfonts/cm/cmmi5.pfb></usr/share/texlive/texmf-dist/fonts/type1/publ
ic/amsfonts/cm/cmmi7.pfb></usr/share/texlive/texmf-dist/fonts/type1/public/amsf
onts/cm/cmr10.pfb></usr/share/texlive/texmf-dist/fonts/type1/public/amsfonts/cm
/cmr12.pfb></usr/share/texlive/texmf-dist/fonts/type1/public/amsfonts/cm/cmr17.
pfb></usr/share/texlive/texmf-dist/fonts/type1/public/amsfonts/cm/cmr5.pfb></us
r/share/texlive/texmf-dist/fonts/type1/public/amsfonts/cm/cmr7.pfb></usr/share/
texlive/texmf-dist/fonts/type1/public/amsfonts/cm/cmsy10.pfb></usr/share/texliv
e/texmf-dist/fonts/type1/public/amsfonts/cm/cmsy7.pfb></usr/share/texlive/texmf
-dist/fonts/type1/public/amsfonts/cm/cmti12.pfb></usr/share/texlive/texmf-dist/
fonts/type1/public/amsfonts/cm/cmtt10.pfb>
Output written on glider.pdf (10 pages, 4505465 bytes).
PDF statistics:
 111 PDF objects out of 1000 (max. 8388607)
 67 compressed objects within 1 object stream
 0 named destinations out of 1000 (max. 500000)
 46 words of extra memory for PDF output out of 10000 (max. 10000000)

